<?xml version="1.0" encoding="UTF-8"?>
<!-- Generated by org.testng.reporters.JUnitXMLReporter -->
<testsuite hostname="daojia-PC" name="test1" tests="3" failures="0" timestamp="27 Dec 2017 06:53:45 GMT" time="2.475" errors="0">
  <testcase name="getListByNameOrPinyin" time="1.79" classname="com.daojia.qa.dwf.CostCenterServiceOfGetListByNameOrPinyin"/>
  <testcase name="getListByNameOrPinyin" time="0.112" classname="com.daojia.qa.dwf.CostCenterServiceOfGetListByNameOrPinyin"/>
  <testcase name="getListByNameOrPinyin" time="0.142" classname="com.daojia.qa.dwf.CostCenterServiceOfGetListByNameOrPinyin"/>
</testsuite> <!-- test1 -->
