<?xml version="1.0" encoding="UTF-8"?>
<testng-results skipped="0" failed="0" total="1" passed="1">
  <reporter-output>
    <line>
      <![CDATA[[2018-04-08 17:41:45]: 加载配置文件D:\Users\daojia\workspace\interface-fmsysterm-dwf\resources\config\config.properties]]>
    </line>
    <line>
      <![CDATA[[2018-04-08 17:41:45]: =======================================================]]>
    </line>
    <line>
      <![CDATA[[2018-04-08 17:41:45]:                     测试执行开始]]>
    </line>
    <line>
      <![CDATA[[2018-04-08 17:41:45]: =======================================================]]>
    </line>
    <line>
      <![CDATA[[2018-04-08 17:41:45]: 数据库已经连接com.bj58.daojia.qa.database.DBUtil@768b970c]]>
    </line>
    <line>
      <![CDATA[[2018-04-08 17:41:45]: =======================================================]]>
    </line>
    <line>
      <![CDATA[[2018-04-08 17:41:45]: 测试方法【  getInvoiceManager  】执行开始,测试数据Parameters=["applyPName"]]]>
    </line>
    <line>
      <![CDATA[[2018-04-08 17:41:45]: =======================================================]]>
    </line>
    <line>
      <![CDATA[[2018-04-08 17:41:46]: 打印一下JSESSIONID=8B34765AC297DCC37F999DE61679957B;_djinpasstkt=WtdRz1rhn4AfGc0g60j8/R3+PEr6dfEpp4w+XBZc8n6kC8qpMrhqyp0a1b8deeNX9YCQ1g6UlnC7dPbtJsBWlA==;_djinpassuser=551359178868434]]>
    </line>
    <line>
      <![CDATA[[2018-04-08 17:41:46]: 结果reslut:]]>
    </line>
    <line>
      <![CDATA[[2018-04-08 17:41:46]: =======================================================]]>
    </line>
    <line>
      <![CDATA[[2018-04-08 17:41:46]: 测试方法 【getInvoiceManager】 执行成功！]]>
    </line>
    <line>
      <![CDATA[[2018-04-08 17:41:46]: =======================================================]]>
    </line>
    <line>
      <![CDATA[[2018-04-08 17:41:46]: =======================================================]]>
    </line>
    <line>
      <![CDATA[[2018-04-08 17:41:46]: 测试方法 【getInvoiceManager】 执行成功！]]>
    </line>
    <line>
      <![CDATA[[2018-04-08 17:41:46]: =======================================================]]>
    </line>
  </reporter-output>
  <suite name="Default suite" duration-ms="1244" started-at="2018-04-08T09:41:45Z" finished-at="2018-04-08T09:41:46Z">
    <groups>
    </groups>
    <test name="Default test" duration-ms="1244" started-at="2018-04-08T09:41:45Z" finished-at="2018-04-08T09:41:46Z">
      <class name="com.daojia.qa.dwf.getInvoiceManager">
        <test-method status="PASS" signature="beforeSuite()[pri:0, instance:com.daojia.qa.dwf.getInvoiceManager@6c3708b3]" name="beforeSuite" is-config="true" duration-ms="19" started-at="2018-04-08T17:41:45Z" finished-at="2018-04-08T17:41:45Z">
          <reporter-output>
          </reporter-output>
        </test-method> <!-- beforeSuite -->
        <test-method status="PASS" signature="before()[pri:0, instance:com.daojia.qa.dwf.getInvoiceManager@6c3708b3]" name="before" is-config="true" duration-ms="547" started-at="2018-04-08T17:41:45Z" finished-at="2018-04-08T17:41:45Z">
          <reporter-output>
            <line>
              <![CDATA[[2018-04-08 17:41:45]: 数据库已经连接com.bj58.daojia.qa.database.DBUtil@768b970c]]>
            </line>
          </reporter-output>
        </test-method> <!-- before -->
        <test-method status="PASS" signature="getInvoiceManager(java.lang.String)[pri:0, instance:com.daojia.qa.dwf.getInvoiceManager@6c3708b3]" name="getInvoiceManager" duration-ms="666" started-at="2018-04-08T17:41:45Z" description="发票管理页面" data-provider="getInvoiceManagerParam" finished-at="2018-04-08T17:41:46Z">
          <params>
            <param index="0">
              <value>
                <![CDATA[applyPName]]>
              </value>
            </param>
          </params>
          <reporter-output>
            <line>
              <![CDATA[[2018-04-08 17:41:46]: 打印一下JSESSIONID=8B34765AC297DCC37F999DE61679957B;_djinpasstkt=WtdRz1rhn4AfGc0g60j8/R3+PEr6dfEpp4w+XBZc8n6kC8qpMrhqyp0a1b8deeNX9YCQ1g6UlnC7dPbtJsBWlA==;_djinpassuser=551359178868434]]>
            </line>
            <line>
              <![CDATA[[2018-04-08 17:41:46]: 结果reslut:]]>
            </line>
            <line>
              <![CDATA[[2018-04-08 17:41:46]: =======================================================]]>
            </line>
            <line>
              <![CDATA[[2018-04-08 17:41:46]: 测试方法 【getInvoiceManager】 执行成功！]]>
            </line>
            <line>
              <![CDATA[[2018-04-08 17:41:46]: =======================================================]]>
            </line>
            <line>
              <![CDATA[[2018-04-08 17:41:46]: =======================================================]]>
            </line>
            <line>
              <![CDATA[[2018-04-08 17:41:46]: 测试方法 【getInvoiceManager】 执行成功！]]>
            </line>
            <line>
              <![CDATA[[2018-04-08 17:41:46]: =======================================================]]>
            </line>
          </reporter-output>
        </test-method> <!-- getInvoiceManager -->
        <test-method status="PASS" signature="afterClass()[pri:0, instance:com.daojia.qa.dwf.getInvoiceManager@6c3708b3]" name="afterClass" is-config="true" duration-ms="6" started-at="2018-04-08T17:41:46Z" finished-at="2018-04-08T17:41:46Z">
          <reporter-output>
          </reporter-output>
        </test-method> <!-- afterClass -->
      </class> <!-- com.daojia.qa.dwf.getInvoiceManager -->
    </test> <!-- Default test -->
  </suite> <!-- Default suite -->
</testng-results>
