<?xml version="1.0" encoding="UTF-8"?>
<!-- Generated by org.testng.reporters.JUnitXMLReporter -->
<testsuite hostname="daojia-PC" name="test" tests="67" failures="0" timestamp="16 Jan 2018 10:25:54 GMT" time="8.833" errors="0">
  <testcase name="getButtons" time="0.514" classname="com.daojia.qa.dwf.Getbuttons"/>
  <testcase name="getButtons" time="0.126" classname="com.daojia.qa.dwf.Getbuttons"/>
  <testcase name="getButtons" time="0.148" classname="com.daojia.qa.dwf.Getbuttons"/>
  <testcase name="getButtons" time="0.12" classname="com.daojia.qa.dwf.Getbuttons"/>
  <testcase name="getButtons" time="0.167" classname="com.daojia.qa.dwf.Getbuttons"/>
  <testcase name="getFormBaseInfo" time="0.249" classname="com.daojia.qa.dwf.FormOfGetFormBaseInfo"/>
  <testcase name="getFormBaseInfo" time="0.139" classname="com.daojia.qa.dwf.FormOfGetFormBaseInfo"/>
  <testcase name="getFormBaseInfo" time="0.133" classname="com.daojia.qa.dwf.FormOfGetFormBaseInfo"/>
  <testcase name="getFormBaseInfo" time="0.193" classname="com.daojia.qa.dwf.FormOfGetFormBaseInfo"/>
  <testcase name="getFormBaseInfo" time="0.19" classname="com.daojia.qa.dwf.FormOfGetFormBaseInfo"/>
  <testcase name="getFormBaseInfo" time="0.092" classname="com.daojia.qa.dwf.FormOfGetFormBaseInfo"/>
  <testcase name="getFormBaseInfo" time="0.072" classname="com.daojia.qa.dwf.FormOfGetFormBaseInfo"/>
  <testcase name="getFormBaseInfo" time="0.077" classname="com.daojia.qa.dwf.FormOfGetFormBaseInfo"/>
  <testcase name="getFormBaseInfo" time="0.08" classname="com.daojia.qa.dwf.FormOfGetFormBaseInfo"/>
  <testcase name="getFormBaseInfo" time="0.176" classname="com.daojia.qa.dwf.FormOfGetFormBaseInfo"/>
  <testcase name="getFormBaseInfo" time="0.126" classname="com.daojia.qa.dwf.FormOfGetFormBaseInfo"/>
  <testcase name="getFormBaseInfo" time="0.146" classname="com.daojia.qa.dwf.FormOfGetFormBaseInfo"/>
  <testcase name="getFormBaseInfo" time="0.196" classname="com.daojia.qa.dwf.FormOfGetFormBaseInfo"/>
  <testcase name="getFormBaseInfo" time="0.128" classname="com.daojia.qa.dwf.FormOfGetFormBaseInfo"/>
  <testcase name="getFormBaseInfo" time="0.232" classname="com.daojia.qa.dwf.FormOfGetFormBaseInfo"/>
  <testcase name="getFormBaseInfo" time="0.148" classname="com.daojia.qa.dwf.FormOfGetFormBaseInfo"/>
  <testcase name="getFormBaseInfo" time="0.176" classname="com.daojia.qa.dwf.FormOfGetFormBaseInfo"/>
  <testcase name="getFormBaseInfo" time="0.145" classname="com.daojia.qa.dwf.FormOfGetFormBaseInfo"/>
  <testcase name="getFormBaseInfo" time="0.169" classname="com.daojia.qa.dwf.FormOfGetFormBaseInfo"/>
  <testcase name="getListByCondition" time="0.106" classname="com.daojia.qa.dwf.BudgetServiceOfGetListByCondition"/>
  <testcase name="getListByCondition" time="0.082" classname="com.daojia.qa.dwf.BudgetServiceOfGetListByCondition"/>
  <testcase name="getListByCondition" time="0.087" classname="com.daojia.qa.dwf.BudgetServiceOfGetListByCondition"/>
  <testcase name="getListByCondition" time="0.077" classname="com.daojia.qa.dwf.BudgetServiceOfGetListByCondition"/>
  <testcase name="getListByCondition" time="0.078" classname="com.daojia.qa.dwf.BudgetServiceOfGetListByCondition"/>
  <testcase name="getListByCondition" time="0.081" classname="com.daojia.qa.dwf.BudgetServiceOfGetListByCondition"/>
  <testcase name="getListByCondition" time="0.078" classname="com.daojia.qa.dwf.BudgetServiceOfGetListByCondition"/>
  <testcase name="getListByCondition" time="0.081" classname="com.daojia.qa.dwf.BudgetServiceOfGetListByCondition"/>
  <testcase name="getListByCondition" time="0.087" classname="com.daojia.qa.dwf.BudgetServiceOfGetListByCondition"/>
  <testcase name="getListByCondition" time="0.13" classname="com.daojia.qa.dwf.BudgetServiceOfGetListByCondition"/>
  <testcase name="getListByCondition" time="0.09" classname="com.daojia.qa.dwf.BudgetServiceOfGetListByCondition"/>
  <testcase name="checkBudgetImport" time="0.075" classname="com.daojia.qa.dwf.BudgetServiceOfCheckBudgetImport"/>
  <testcase name="checkBudgetImport" time="0.081" classname="com.daojia.qa.dwf.BudgetServiceOfCheckBudgetImport"/>
  <testcase name="checkBudgetImport" time="0.075" classname="com.daojia.qa.dwf.BudgetServiceOfCheckBudgetImport"/>
  <testcase name="checkBudgetImport" time="0.077" classname="com.daojia.qa.dwf.BudgetServiceOfCheckBudgetImport"/>
  <testcase name="checkBudgetImport" time="0.077" classname="com.daojia.qa.dwf.BudgetServiceOfCheckBudgetImport"/>
  <testcase name="checkBudgetImport" time="0.075" classname="com.daojia.qa.dwf.BudgetServiceOfCheckBudgetImport"/>
  <testcase name="checkBudgetImport" time="0.077" classname="com.daojia.qa.dwf.BudgetServiceOfCheckBudgetImport"/>
  <testcase name="checkBudgetImport" time="0.083" classname="com.daojia.qa.dwf.BudgetServiceOfCheckBudgetImport"/>
  <testcase name="checkBudgetImport" time="0.075" classname="com.daojia.qa.dwf.BudgetServiceOfCheckBudgetImport"/>
  <testcase name="checkBudgetImport" time="0.091" classname="com.daojia.qa.dwf.BudgetServiceOfCheckBudgetImport"/>
  <testcase name="checkBudgetAmount" time="0.086" classname="com.daojia.qa.dwf.BudgetServiceOfCheckBudgetAmount"/>
  <testcase name="checkBudgetAmount" time="0.076" classname="com.daojia.qa.dwf.BudgetServiceOfCheckBudgetAmount"/>
  <testcase name="checkBudgetAmount" time="0.074" classname="com.daojia.qa.dwf.BudgetServiceOfCheckBudgetAmount"/>
  <testcase name="checkBudgetAmount" time="0.081" classname="com.daojia.qa.dwf.BudgetServiceOfCheckBudgetAmount"/>
  <testcase name="checkBudgetAmount" time="0.08" classname="com.daojia.qa.dwf.BudgetServiceOfCheckBudgetAmount"/>
  <testcase name="checkBudgetAmount" time="0.081" classname="com.daojia.qa.dwf.BudgetServiceOfCheckBudgetAmount"/>
  <testcase name="checkBudgetAmount" time="0.082" classname="com.daojia.qa.dwf.BudgetServiceOfCheckBudgetAmount"/>
  <testcase name="checkBudgetAmount" time="0.075" classname="com.daojia.qa.dwf.BudgetServiceOfCheckBudgetAmount"/>
  <testcase name="checkBudgetAmount" time="0.082" classname="com.daojia.qa.dwf.BudgetServiceOfCheckBudgetAmount"/>
  <testcase name="checkBudgetAmount" time="0.073" classname="com.daojia.qa.dwf.BudgetServiceOfCheckBudgetAmount"/>
  <testcase name="checkBudgetAmount" time="0.073" classname="com.daojia.qa.dwf.BudgetServiceOfCheckBudgetAmount"/>
  <testcase name="checkBudgetAmount" time="0.081" classname="com.daojia.qa.dwf.BudgetServiceOfCheckBudgetAmount"/>
  <testcase name="checkBudgetAmount" time="0.079" classname="com.daojia.qa.dwf.BudgetServiceOfCheckBudgetAmount"/>
  <testcase name="checkBudgetAmount" time="0.079" classname="com.daojia.qa.dwf.BudgetServiceOfCheckBudgetAmount"/>
  <testcase name="checkBudgetAmount" time="0.077" classname="com.daojia.qa.dwf.BudgetServiceOfCheckBudgetAmount"/>
  <testcase name="checkBudgetAmount" time="0.079" classname="com.daojia.qa.dwf.BudgetServiceOfCheckBudgetAmount"/>
  <testcase name="checkBudgetAmount" time="0.078" classname="com.daojia.qa.dwf.BudgetServiceOfCheckBudgetAmount"/>
  <testcase name="checkBudgetAmount" time="0.083" classname="com.daojia.qa.dwf.BudgetServiceOfCheckBudgetAmount"/>
  <testcase name="checkBudgetAmount" time="0.079" classname="com.daojia.qa.dwf.BudgetServiceOfCheckBudgetAmount"/>
  <testcase name="getListByNameOrPinyin" time="0.811" classname="com.daojia.qa.dwf.CostCenterServiceOfGetListByNameOrPinyin"/>
  <testcase name="getListByNameOrPinyin" time="0.079" classname="com.daojia.qa.dwf.CostCenterServiceOfGetListByNameOrPinyin"/>
  <testcase name="getListByNameOrPinyin" time="0.082" classname="com.daojia.qa.dwf.CostCenterServiceOfGetListByNameOrPinyin"/>
</testsuite> <!-- test -->
